-------------------------------------------------------------------------------
Test set: com.nisum.CalculatorProject.CalculatorTest
-------------------------------------------------------------------------------
Tests run: 5, Failures: 2, Errors: 0, Skipped: 0, Time elapsed: 0.010 s <<< FAILURE! -- in com.nisum.CalculatorProject.CalculatorTest
com.nisum.CalculatorProject.CalculatorTest.testSubtract -- Time elapsed: 0.001 s <<< FAILURE!
org.opentest4j.AssertionFailedError: expected: not equal but was: <10>
	at org.junit.jupiter.api.AssertionFailureBuilder.build(AssertionFailureBuilder.java:152)
	at org.junit.jupiter.api.AssertionFailureBuilder.buildAndThrow(AssertionFailureBuilder.java:132)
	at org.junit.jupiter.api.AssertNotEquals.failEqual(AssertNotEquals.java:277)
	at org.junit.jupiter.api.AssertNotEquals.assertNotEquals(AssertNotEquals.java:94)
	at org.junit.jupiter.api.AssertNotEquals.assertNotEquals(AssertNotEquals.java:86)
	at org.junit.jupiter.api.Assertions.assertNotEquals(Assertions.java:1981)
	at com.nisum.CalculatorProject.CalculatorTest.testSubtract(CalulatorTest.java:21)
	at java.base/java.lang.reflect.Method.invoke(Method.java:565)
	at java.base/java.util.ArrayList.forEach(ArrayList.java:1604)
	at java.base/java.util.ArrayList.forEach(ArrayList.java:1604)

com.nisum.CalculatorProject.CalculatorTest.testDivide -- Time elapsed: 0 s <<< FAILURE!
org.opentest4j.AssertionFailedError: expected: not equal but was: <3>
	at org.junit.jupiter.api.AssertionFailureBuilder.build(AssertionFailureBuilder.java:152)
	at org.junit.jupiter.api.AssertionFailureBuilder.buildAndThrow(AssertionFailureBuilder.java:132)
	at org.junit.jupiter.api.AssertNotEquals.failEqual(AssertNotEquals.java:277)
	at org.junit.jupiter.api.AssertNotEquals.assertNotEquals(AssertNotEquals.java:94)
	at org.junit.jupiter.api.AssertNotEquals.assertNotEquals(AssertNotEquals.java:86)
	at org.junit.jupiter.api.Assertions.assertNotEquals(Assertions.java:1981)
	at com.nisum.CalculatorProject.CalculatorTest.testDivide(CalulatorTest.java:35)
	at java.base/java.lang.reflect.Method.invoke(Method.java:565)
	at java.base/java.util.ArrayList.forEach(ArrayList.java:1604)
	at java.base/java.util.ArrayList.forEach(ArrayList.java:1604)

